<?xml version="1.0" encoding="UTF-8"?>
<!-- Generated by org.testng.reporters.JUnitReportReporter -->
<testsuite hostname="ndi-mb-299" failures="0" tests="1" name="BasicApiTest" time="0.275" errors="0" timestamp="2022-09-06T21:23:18 IST" skipped="0">
  <testcase classname="BasicApiTest" name="T01_StatusCodeAndGetClientsTest" time="0.275"/>
  <system-out/>
</testsuite> <!-- BasicApiTest -->
